mode: set
github.com/warriors-vn/go-dash/number/inRange.go:12.75,16.16 3 1
github.com/warriors-vn/go-dash/number/inRange.go:28.2,28.29 1 1
github.com/warriors-vn/go-dash/number/inRange.go:101.2,101.39 1 1
github.com/warriors-vn/go-dash/number/inRange.go:16.16,18.109 2 1
github.com/warriors-vn/go-dash/number/inRange.go:18.109,20.4 1 1
github.com/warriors-vn/go-dash/number/inRange.go:21.8,23.64 2 1
github.com/warriors-vn/go-dash/number/inRange.go:23.64,25.4 1 1
github.com/warriors-vn/go-dash/number/inRange.go:29.19,30.19 1 1
github.com/warriors-vn/go-dash/number/inRange.go:34.3,34.72 1 1
github.com/warriors-vn/go-dash/number/inRange.go:38.3,38.71 1 1
github.com/warriors-vn/go-dash/number/inRange.go:42.3,42.19 1 1
github.com/warriors-vn/go-dash/number/inRange.go:43.21,44.19 1 1
github.com/warriors-vn/go-dash/number/inRange.go:48.3,48.76 1 1
github.com/warriors-vn/go-dash/number/inRange.go:52.3,52.75 1 1
github.com/warriors-vn/go-dash/number/inRange.go:56.3,56.19 1 1
github.com/warriors-vn/go-dash/number/inRange.go:57.21,58.19 1 1
github.com/warriors-vn/go-dash/number/inRange.go:62.3,62.76 1 1
github.com/warriors-vn/go-dash/number/inRange.go:66.3,66.75 1 1
github.com/warriors-vn/go-dash/number/inRange.go:70.3,70.19 1 1
github.com/warriors-vn/go-dash/number/inRange.go:71.23,72.19 1 1
github.com/warriors-vn/go-dash/number/inRange.go:76.3,76.80 1 1
github.com/warriors-vn/go-dash/number/inRange.go:80.3,80.79 1 1
github.com/warriors-vn/go-dash/number/inRange.go:84.3,84.19 1 1
github.com/warriors-vn/go-dash/number/inRange.go:85.23,86.19 1 1
github.com/warriors-vn/go-dash/number/inRange.go:90.3,90.80 1 1
github.com/warriors-vn/go-dash/number/inRange.go:94.3,94.79 1 1
github.com/warriors-vn/go-dash/number/inRange.go:98.3,98.19 1 1
github.com/warriors-vn/go-dash/number/inRange.go:30.19,32.4 1 1
github.com/warriors-vn/go-dash/number/inRange.go:34.72,36.4 1 1
github.com/warriors-vn/go-dash/number/inRange.go:38.71,40.4 1 1
github.com/warriors-vn/go-dash/number/inRange.go:44.19,46.4 1 1
github.com/warriors-vn/go-dash/number/inRange.go:48.76,50.4 1 1
github.com/warriors-vn/go-dash/number/inRange.go:52.75,54.4 1 1
github.com/warriors-vn/go-dash/number/inRange.go:58.19,60.4 1 1
github.com/warriors-vn/go-dash/number/inRange.go:62.76,64.4 1 1
github.com/warriors-vn/go-dash/number/inRange.go:66.75,68.4 1 1
github.com/warriors-vn/go-dash/number/inRange.go:72.19,74.4 1 1
github.com/warriors-vn/go-dash/number/inRange.go:76.80,78.4 1 1
github.com/warriors-vn/go-dash/number/inRange.go:80.79,82.4 1 1
github.com/warriors-vn/go-dash/number/inRange.go:86.19,88.4 1 1
github.com/warriors-vn/go-dash/number/inRange.go:90.80,92.4 1 1
github.com/warriors-vn/go-dash/number/inRange.go:94.79,96.4 1 1
github.com/warriors-vn/go-dash/number/random.go:11.54,13.18 2 1
github.com/warriors-vn/go-dash/number/random.go:17.2,19.55 2 1
github.com/warriors-vn/go-dash/number/random.go:13.18,15.3 1 1
github.com/warriors-vn/go-dash/number/clamp.go:13.67,16.95 2 1
github.com/warriors-vn/go-dash/number/clamp.go:20.2,20.29 1 1
github.com/warriors-vn/go-dash/number/clamp.go:78.2,78.37 1 1
github.com/warriors-vn/go-dash/number/clamp.go:16.95,18.3 1 1
github.com/warriors-vn/go-dash/number/clamp.go:21.19,27.39 5 1
github.com/warriors-vn/go-dash/number/clamp.go:31.3,31.21 1 1
github.com/warriors-vn/go-dash/number/clamp.go:32.21,38.39 5 1
github.com/warriors-vn/go-dash/number/clamp.go:42.3,42.21 1 1
github.com/warriors-vn/go-dash/number/clamp.go:43.21,49.39 5 1
github.com/warriors-vn/go-dash/number/clamp.go:53.3,53.21 1 1
github.com/warriors-vn/go-dash/number/clamp.go:54.23,60.39 5 1
github.com/warriors-vn/go-dash/number/clamp.go:64.3,64.21 1 1
github.com/warriors-vn/go-dash/number/clamp.go:65.23,71.39 5 1
github.com/warriors-vn/go-dash/number/clamp.go:75.3,75.21 1 1
github.com/warriors-vn/go-dash/number/clamp.go:27.39,29.4 1 1
github.com/warriors-vn/go-dash/number/clamp.go:38.39,40.4 1 1
github.com/warriors-vn/go-dash/number/clamp.go:49.39,51.4 1 1
github.com/warriors-vn/go-dash/number/clamp.go:60.39,62.4 1 1
github.com/warriors-vn/go-dash/number/clamp.go:71.39,73.4 1 1
github.com/warriors-vn/go-dash/array/find_index.go:10.55,14.74 3 1
github.com/warriors-vn/go-dash/array/find_index.go:18.2,18.38 1 1
github.com/warriors-vn/go-dash/array/find_index.go:25.2,25.18 1 1
github.com/warriors-vn/go-dash/array/find_index.go:14.74,16.3 1 1
github.com/warriors-vn/go-dash/array/find_index.go:18.38,20.67 2 1
github.com/warriors-vn/go-dash/array/find_index.go:20.67,22.4 1 1
github.com/warriors-vn/go-dash/go_math/ceil.go:8.50,10.22 2 1
github.com/warriors-vn/go-dash/go_math/ceil.go:13.2,15.37 2 1
github.com/warriors-vn/go-dash/go_math/ceil.go:10.22,12.3 1 1
github.com/warriors-vn/go-dash/go_math/divide.go:7.48,8.20 1 1
github.com/warriors-vn/go-dash/go_math/divide.go:12.2,13.15 2 1
github.com/warriors-vn/go-dash/go_math/divide.go:8.20,10.3 1 1
github.com/warriors-vn/go-dash/go_math/floor.go:8.51,10.22 2 1
github.com/warriors-vn/go-dash/go_math/floor.go:13.2,15.38 2 1
github.com/warriors-vn/go-dash/go_math/floor.go:10.22,12.3 1 1
github.com/warriors-vn/go-dash/go_math/min.go:10.26,11.17 1 1
github.com/warriors-vn/go-dash/go_math/min.go:15.2,16.26 2 1
github.com/warriors-vn/go-dash/go_math/min.go:22.2,22.12 1 1
github.com/warriors-vn/go-dash/go_math/min.go:11.17,13.3 1 1
github.com/warriors-vn/go-dash/go_math/min.go:16.26,17.18 1 1
github.com/warriors-vn/go-dash/go_math/min.go:17.18,19.4 1 1
github.com/warriors-vn/go-dash/go_math/min.go:26.32,27.17 1 1
github.com/warriors-vn/go-dash/go_math/min.go:31.2,33.26 2 1
github.com/warriors-vn/go-dash/go_math/min.go:39.2,39.12 1 1
github.com/warriors-vn/go-dash/go_math/min.go:27.17,29.3 1 1
github.com/warriors-vn/go-dash/go_math/min.go:33.26,34.18 1 1
github.com/warriors-vn/go-dash/go_math/min.go:34.18,36.4 1 1
github.com/warriors-vn/go-dash/go_math/min.go:43.32,44.17 1 1
github.com/warriors-vn/go-dash/go_math/min.go:48.2,50.26 2 1
github.com/warriors-vn/go-dash/go_math/min.go:56.2,56.12 1 1
github.com/warriors-vn/go-dash/go_math/min.go:44.17,46.3 1 1
github.com/warriors-vn/go-dash/go_math/min.go:50.26,51.18 1 1
github.com/warriors-vn/go-dash/go_math/min.go:51.18,53.4 1 1
github.com/warriors-vn/go-dash/go_math/min.go:60.38,61.17 1 1
github.com/warriors-vn/go-dash/go_math/min.go:65.2,67.26 2 1
github.com/warriors-vn/go-dash/go_math/min.go:73.2,73.12 1 1
github.com/warriors-vn/go-dash/go_math/min.go:61.17,63.3 1 1
github.com/warriors-vn/go-dash/go_math/min.go:67.26,68.18 1 1
github.com/warriors-vn/go-dash/go_math/min.go:68.18,70.4 1 1
github.com/warriors-vn/go-dash/go_math/min.go:77.38,78.17 1 1
github.com/warriors-vn/go-dash/go_math/min.go:82.2,84.26 2 1
github.com/warriors-vn/go-dash/go_math/min.go:90.2,90.12 1 1
github.com/warriors-vn/go-dash/go_math/min.go:78.17,80.3 1 1
github.com/warriors-vn/go-dash/go_math/min.go:84.26,85.18 1 1
github.com/warriors-vn/go-dash/go_math/min.go:85.18,87.4 1 1
github.com/warriors-vn/go-dash/go_math/min.go:96.72,98.35 2 1
github.com/warriors-vn/go-dash/go_math/min.go:102.2,102.22 1 1
github.com/warriors-vn/go-dash/go_math/min.go:106.2,107.27 2 1
github.com/warriors-vn/go-dash/go_math/min.go:111.2,113.35 2 1
github.com/warriors-vn/go-dash/go_math/min.go:130.2,130.22 1 1
github.com/warriors-vn/go-dash/go_math/min.go:98.35,100.3 1 1
github.com/warriors-vn/go-dash/go_math/min.go:102.22,104.3 1 1
github.com/warriors-vn/go-dash/go_math/min.go:107.27,109.3 1 1
github.com/warriors-vn/go-dash/go_math/min.go:113.35,117.31 3 1
github.com/warriors-vn/go-dash/go_math/min.go:121.3,121.55 1 1
github.com/warriors-vn/go-dash/go_math/min.go:125.3,125.47 1 1
github.com/warriors-vn/go-dash/go_math/min.go:117.31,118.12 1 1
github.com/warriors-vn/go-dash/go_math/min.go:121.55,123.4 1 1
github.com/warriors-vn/go-dash/go_math/min.go:125.47,127.4 1 1
github.com/warriors-vn/go-dash/go_math/multiply.go:12.72,16.56 3 1
github.com/warriors-vn/go-dash/go_math/multiply.go:20.2,20.14 1 1
github.com/warriors-vn/go-dash/go_math/multiply.go:43.2,43.35 1 1
github.com/warriors-vn/go-dash/go_math/multiply.go:16.56,18.3 1 1
github.com/warriors-vn/go-dash/go_math/multiply.go:21.19,22.41 1 1
github.com/warriors-vn/go-dash/go_math/multiply.go:25.21,26.43 1 1
github.com/warriors-vn/go-dash/go_math/multiply.go:29.21,30.43 1 1
github.com/warriors-vn/go-dash/go_math/multiply.go:33.23,34.45 1 1
github.com/warriors-vn/go-dash/go_math/multiply.go:37.23,38.45 1 1
github.com/warriors-vn/go-dash/go_math/multiply.go:22.41,24.4 1 1
github.com/warriors-vn/go-dash/go_math/multiply.go:26.43,28.4 1 1
github.com/warriors-vn/go-dash/go_math/multiply.go:30.43,32.4 1 1
github.com/warriors-vn/go-dash/go_math/multiply.go:34.45,36.4 1 1
github.com/warriors-vn/go-dash/go_math/multiply.go:38.45,40.4 1 1
github.com/warriors-vn/go-dash/go_math/round.go:7.51,9.22 2 1
github.com/warriors-vn/go-dash/go_math/round.go:12.2,14.38 2 1
github.com/warriors-vn/go-dash/go_math/round.go:9.22,11.3 1 1
github.com/warriors-vn/go-dash/go_math/subtract.go:7.60,11.53 3 1
github.com/warriors-vn/go-dash/go_math/subtract.go:15.2,15.14 1 1
github.com/warriors-vn/go-dash/go_math/subtract.go:38.2,38.10 1 1
github.com/warriors-vn/go-dash/go_math/subtract.go:11.53,13.3 1 1
github.com/warriors-vn/go-dash/go_math/subtract.go:16.19,17.41 1 1
github.com/warriors-vn/go-dash/go_math/subtract.go:20.21,21.43 1 1
github.com/warriors-vn/go-dash/go_math/subtract.go:24.21,25.43 1 1
github.com/warriors-vn/go-dash/go_math/subtract.go:28.23,29.45 1 1
github.com/warriors-vn/go-dash/go_math/subtract.go:32.23,33.45 1 1
github.com/warriors-vn/go-dash/go_math/subtract.go:17.41,19.4 1 1
github.com/warriors-vn/go-dash/go_math/subtract.go:21.43,23.4 1 1
github.com/warriors-vn/go-dash/go_math/subtract.go:25.43,27.4 1 1
github.com/warriors-vn/go-dash/go_math/subtract.go:29.45,31.4 1 1
github.com/warriors-vn/go-dash/go_math/subtract.go:33.45,35.4 1 1
github.com/warriors-vn/go-dash/go_math/sum.go:11.46,14.74 2 1
github.com/warriors-vn/go-dash/go_math/sum.go:18.2,19.38 2 1
github.com/warriors-vn/go-dash/go_math/sum.go:33.2,33.20 1 1
github.com/warriors-vn/go-dash/go_math/sum.go:14.74,16.3 1 1
github.com/warriors-vn/go-dash/go_math/sum.go:19.38,21.22 2 1
github.com/warriors-vn/go-dash/go_math/sum.go:22.79,23.33 1 1
github.com/warriors-vn/go-dash/go_math/sum.go:24.84,25.34 1 1
github.com/warriors-vn/go-dash/go_math/sum.go:26.41,27.26 1 1
github.com/warriors-vn/go-dash/go_math/sum.go:28.11,29.46 1 1
github.com/warriors-vn/go-dash/go_math/add.go:10.50,14.48 3 1
github.com/warriors-vn/go-dash/go_math/add.go:18.2,18.14 1 1
github.com/warriors-vn/go-dash/go_math/add.go:41.2,41.10 1 1
github.com/warriors-vn/go-dash/go_math/add.go:14.48,16.3 1 1
github.com/warriors-vn/go-dash/go_math/add.go:19.19,20.37 1 1
github.com/warriors-vn/go-dash/go_math/add.go:23.21,24.39 1 1
github.com/warriors-vn/go-dash/go_math/add.go:27.21,28.39 1 1
github.com/warriors-vn/go-dash/go_math/add.go:31.23,32.41 1 1
github.com/warriors-vn/go-dash/go_math/add.go:35.23,36.41 1 1
github.com/warriors-vn/go-dash/go_math/add.go:20.37,22.4 1 1
github.com/warriors-vn/go-dash/go_math/add.go:24.39,26.4 1 1
github.com/warriors-vn/go-dash/go_math/add.go:28.39,30.4 1 1
github.com/warriors-vn/go-dash/go_math/add.go:32.41,34.4 1 1
github.com/warriors-vn/go-dash/go_math/add.go:36.41,38.4 1 1
github.com/warriors-vn/go-dash/go_math/max.go:10.26,11.17 1 1
github.com/warriors-vn/go-dash/go_math/max.go:15.2,16.26 2 1
github.com/warriors-vn/go-dash/go_math/max.go:22.2,22.12 1 1
github.com/warriors-vn/go-dash/go_math/max.go:11.17,13.3 1 1
github.com/warriors-vn/go-dash/go_math/max.go:16.26,17.18 1 1
github.com/warriors-vn/go-dash/go_math/max.go:17.18,19.4 1 1
github.com/warriors-vn/go-dash/go_math/max.go:26.32,27.17 1 1
github.com/warriors-vn/go-dash/go_math/max.go:31.2,33.26 2 1
github.com/warriors-vn/go-dash/go_math/max.go:39.2,39.12 1 1
github.com/warriors-vn/go-dash/go_math/max.go:27.17,29.3 1 1
github.com/warriors-vn/go-dash/go_math/max.go:33.26,34.18 1 1
github.com/warriors-vn/go-dash/go_math/max.go:34.18,36.4 1 1
github.com/warriors-vn/go-dash/go_math/max.go:43.32,44.17 1 1
github.com/warriors-vn/go-dash/go_math/max.go:48.2,50.26 2 1
github.com/warriors-vn/go-dash/go_math/max.go:56.2,56.12 1 1
github.com/warriors-vn/go-dash/go_math/max.go:44.17,46.3 1 1
github.com/warriors-vn/go-dash/go_math/max.go:50.26,51.18 1 1
github.com/warriors-vn/go-dash/go_math/max.go:51.18,53.4 1 1
github.com/warriors-vn/go-dash/go_math/max.go:60.38,61.17 1 1
github.com/warriors-vn/go-dash/go_math/max.go:65.2,67.26 2 1
github.com/warriors-vn/go-dash/go_math/max.go:73.2,73.12 1 1
github.com/warriors-vn/go-dash/go_math/max.go:61.17,63.3 1 1
github.com/warriors-vn/go-dash/go_math/max.go:67.26,68.18 1 1
github.com/warriors-vn/go-dash/go_math/max.go:68.18,70.4 1 1
github.com/warriors-vn/go-dash/go_math/max.go:77.38,78.17 1 1
github.com/warriors-vn/go-dash/go_math/max.go:82.2,84.26 2 1
github.com/warriors-vn/go-dash/go_math/max.go:90.2,90.12 1 1
github.com/warriors-vn/go-dash/go_math/max.go:78.17,80.3 1 1
github.com/warriors-vn/go-dash/go_math/max.go:84.26,85.18 1 1
github.com/warriors-vn/go-dash/go_math/max.go:85.18,87.4 1 1
github.com/warriors-vn/go-dash/go_math/max.go:96.72,98.35 2 1
github.com/warriors-vn/go-dash/go_math/max.go:102.2,102.22 1 1
github.com/warriors-vn/go-dash/go_math/max.go:106.2,107.27 2 1
github.com/warriors-vn/go-dash/go_math/max.go:111.2,113.35 2 1
github.com/warriors-vn/go-dash/go_math/max.go:130.2,130.22 1 1
github.com/warriors-vn/go-dash/go_math/max.go:98.35,100.3 1 1
github.com/warriors-vn/go-dash/go_math/max.go:102.22,104.3 1 1
github.com/warriors-vn/go-dash/go_math/max.go:107.27,109.3 1 1
github.com/warriors-vn/go-dash/go_math/max.go:113.35,117.31 3 1
github.com/warriors-vn/go-dash/go_math/max.go:121.3,121.55 1 1
github.com/warriors-vn/go-dash/go_math/max.go:125.3,125.47 1 1
github.com/warriors-vn/go-dash/go_math/max.go:117.31,118.12 1 1
github.com/warriors-vn/go-dash/go_math/max.go:121.55,123.4 1 1
github.com/warriors-vn/go-dash/go_math/max.go:125.47,127.4 1 1
github.com/warriors-vn/go-dash/go_math/mean.go:5.36,6.21 1 1
github.com/warriors-vn/go-dash/go_math/mean.go:10.2,11.30 2 1
github.com/warriors-vn/go-dash/go_math/mean.go:15.2,15.37 1 1
github.com/warriors-vn/go-dash/go_math/mean.go:6.21,8.3 1 1
github.com/warriors-vn/go-dash/go_math/mean.go:11.30,13.3 1 1
github.com/warriors-vn/go-dash/string/parse_int.go:10.38,12.16 2 1
github.com/warriors-vn/go-dash/string/parse_int.go:15.2,15.23 1 1
github.com/warriors-vn/go-dash/string/parse_int.go:12.16,14.3 1 1
github.com/warriors-vn/go-dash/string/snake_case.go:7.33,10.25 2 1
github.com/warriors-vn/go-dash/string/snake_case.go:25.2,25.15 1 1
github.com/warriors-vn/go-dash/string/snake_case.go:10.25,11.99 1 1
github.com/warriors-vn/go-dash/string/snake_case.go:11.99,12.23 1 1
github.com/warriors-vn/go-dash/string/snake_case.go:12.23,15.5 2 1
github.com/warriors-vn/go-dash/string/snake_case.go:15.10,17.5 1 1
github.com/warriors-vn/go-dash/string/snake_case.go:18.9,19.23 1 1
github.com/warriors-vn/go-dash/string/snake_case.go:19.23,21.5 1 1
github.com/warriors-vn/go-dash/string/upper_case.go:12.42,18.2 3 1
github.com/warriors-vn/go-dash/string/camel_case.go:10.33,13.25 2 1
github.com/warriors-vn/go-dash/string/camel_case.go:28.2,28.15 1 1
github.com/warriors-vn/go-dash/string/camel_case.go:13.25,14.99 1 1
github.com/warriors-vn/go-dash/string/camel_case.go:14.99,15.19 1 1
github.com/warriors-vn/go-dash/string/camel_case.go:15.19,18.5 2 1
github.com/warriors-vn/go-dash/string/camel_case.go:18.10,20.5 1 1
github.com/warriors-vn/go-dash/string/camel_case.go:21.9,22.23 1 1
github.com/warriors-vn/go-dash/string/camel_case.go:22.23,24.5 1 1
github.com/warriors-vn/go-dash/string/kebab_case.go:13.42,19.2 3 1
github.com/warriors-vn/go-dash/string/pad_start.go:7.60,8.56 1 1
github.com/warriors-vn/go-dash/string/pad_start.go:12.2,13.17 2 1
github.com/warriors-vn/go-dash/string/pad_start.go:17.2,18.42 2 1
github.com/warriors-vn/go-dash/string/pad_start.go:27.2,27.24 1 1
github.com/warriors-vn/go-dash/string/pad_start.go:8.56,10.3 1 1
github.com/warriors-vn/go-dash/string/pad_start.go:13.17,15.3 1 1
github.com/warriors-vn/go-dash/string/pad_start.go:18.42,22.30 3 1
github.com/warriors-vn/go-dash/string/pad_start.go:22.30,24.4 1 1
github.com/warriors-vn/go-dash/string/replace.go:7.53,10.2 2 1
github.com/warriors-vn/go-dash/string/split.go:8.53,10.29 2 1
github.com/warriors-vn/go-dash/string/split.go:14.2,14.28 1 1
github.com/warriors-vn/go-dash/string/split.go:10.29,12.3 1 1
github.com/warriors-vn/go-dash/string/capitalize.go:6.34,7.17 1 1
github.com/warriors-vn/go-dash/string/capitalize.go:11.2,13.47 2 1
github.com/warriors-vn/go-dash/string/capitalize.go:7.17,9.3 1 1
github.com/warriors-vn/go-dash/string/escape.go:7.30,9.2 1 1
github.com/warriors-vn/go-dash/string/repeat.go:8.41,9.16 1 1
github.com/warriors-vn/go-dash/string/repeat.go:13.2,13.33 1 1
github.com/warriors-vn/go-dash/string/repeat.go:9.16,11.3 1 1
github.com/warriors-vn/go-dash/string/upper_first.go:6.34,7.17 1 1
github.com/warriors-vn/go-dash/string/upper_first.go:11.2,11.39 1 1
github.com/warriors-vn/go-dash/string/upper_first.go:7.17,9.3 1 1
github.com/warriors-vn/go-dash/string/lower_first.go:6.34,7.17 1 1
github.com/warriors-vn/go-dash/string/lower_first.go:11.2,11.39 1 1
github.com/warriors-vn/go-dash/string/lower_first.go:7.17,9.3 1 1
github.com/warriors-vn/go-dash/string/pad_end.go:7.58,8.56 1 1
github.com/warriors-vn/go-dash/string/pad_end.go:12.2,13.17 2 1
github.com/warriors-vn/go-dash/string/pad_end.go:17.2,18.42 2 1
github.com/warriors-vn/go-dash/string/pad_end.go:27.2,27.25 1 1
github.com/warriors-vn/go-dash/string/pad_end.go:8.56,10.3 1 1
github.com/warriors-vn/go-dash/string/pad_end.go:13.17,15.3 1 1
github.com/warriors-vn/go-dash/string/pad_end.go:18.42,22.30 3 1
github.com/warriors-vn/go-dash/string/pad_end.go:22.30,24.4 1 1
github.com/warriors-vn/go-dash/string/pad.go:7.55,8.56 1 1
github.com/warriors-vn/go-dash/string/pad.go:12.2,13.17 2 1
github.com/warriors-vn/go-dash/string/pad.go:17.2,18.42 2 1
github.com/warriors-vn/go-dash/string/pad.go:36.2,36.39 1 1
github.com/warriors-vn/go-dash/string/pad.go:8.56,10.3 1 1
github.com/warriors-vn/go-dash/string/pad.go:13.17,15.3 1 1
github.com/warriors-vn/go-dash/string/pad.go:18.42,19.19 1 1
github.com/warriors-vn/go-dash/string/pad.go:26.3,26.14 1 1
github.com/warriors-vn/go-dash/string/pad.go:31.3,31.30 1 1
github.com/warriors-vn/go-dash/string/pad.go:19.19,21.4 1 1
github.com/warriors-vn/go-dash/string/pad.go:21.9,24.4 2 1
github.com/warriors-vn/go-dash/string/pad.go:26.14,29.4 2 1
github.com/warriors-vn/go-dash/string/pad.go:31.30,33.4 1 1
github.com/warriors-vn/go-dash/string/starts_with.go:9.68,11.21 2 1
github.com/warriors-vn/go-dash/string/starts_with.go:15.2,15.20 1 1
github.com/warriors-vn/go-dash/string/starts_with.go:19.2,19.34 1 1
github.com/warriors-vn/go-dash/string/starts_with.go:23.2,23.18 1 1
github.com/warriors-vn/go-dash/string/starts_with.go:11.21,13.3 1 1
github.com/warriors-vn/go-dash/string/starts_with.go:15.20,17.3 1 1
github.com/warriors-vn/go-dash/string/starts_with.go:19.34,21.3 1 1
github.com/warriors-vn/go-dash/string/unescape.go:10.32,12.2 1 1
github.com/warriors-vn/go-dash/string/ends_with.go:9.66,11.21 2 1
github.com/warriors-vn/go-dash/string/ends_with.go:15.2,15.20 1 1
github.com/warriors-vn/go-dash/string/ends_with.go:19.2,19.34 1 1
github.com/warriors-vn/go-dash/string/ends_with.go:23.2,23.18 1 1
github.com/warriors-vn/go-dash/string/ends_with.go:11.21,13.3 1 1
github.com/warriors-vn/go-dash/string/ends_with.go:15.20,17.3 1 1
github.com/warriors-vn/go-dash/string/ends_with.go:19.34,21.3 1 1
github.com/warriors-vn/go-dash/string/lower_case.go:13.42,19.2 3 1
